<?xml version="1.0" encoding="UTF-8"?>
<testsuite name="SpaceGalaxyTests" tests="1" skipped="0" failures="0" errors="0" timestamp="2019-07-24T20:20:25" hostname="RENTLAPT0100" time="0.008">
  <properties/>
  <testcase name="checkParse2" classname="SpaceGalaxyTests" time="0.008"/>
  <system-out><![CDATA[]]></system-out>
  <system-err><![CDATA[]]></system-err>
</testsuite>
